[0m23:42:33.998420 [debug] [MainThread]: Sending event: {'category': 'dbt', 'action': 'invocation', 'label': 'start', 'context': [<snowplow_tracker.self_describing_json.SelfDescribingJson object at 0x7fdd2d420b50>, <snowplow_tracker.self_describing_json.SelfDescribingJson object at 0x7fdd2cc00b50>, <snowplow_tracker.self_describing_json.SelfDescribingJson object at 0x7fdd2ca25570>]}


============================== 23:42:34.000702 | 52097d39-8707-4f9a-963d-9890695e04bf ==============================
[0m23:42:34.000702 [info ] [MainThread]: Running with dbt=1.6.3
[0m23:42:34.001135 [debug] [MainThread]: running dbt with arguments {'printer_width': '80', 'indirect_selection': 'eager', 'write_json': 'True', 'log_cache_events': 'False', 'partial_parse': 'True', 'cache_selected_only': 'False', 'warn_error': 'None', 'version_check': 'True', 'fail_fast': 'False', 'log_path': 'logs', 'profiles_dir': '/home/junior/.dbt', 'debug': 'False', 'use_colors': 'True', 'use_experimental_parser': 'False', 'no_print': 'None', 'quiet': 'False', 'warn_error_options': 'WarnErrorOptions(include=[], exclude=[])', 'invocation_command': 'dbt init', 'introspect': 'True', 'static_parser': 'True', 'target_path': 'None', 'log_format': 'default', 'send_anonymous_usage_stats': 'True'}
[0m23:42:41.144698 [debug] [MainThread]: Starter project path: /media/junior/Tatooine/Junior/Coding/Projects/dbt-demo/venv/lib/python3.10/site-packages/dbt/include/starter_project
[0m23:42:41.201781 [info ] [MainThread]: 
Your new dbt project "my_project" was created!

For more information on how to configure the profiles.yml file,
please consult the dbt documentation here:

  https://docs.getdbt.com/docs/configure-your-profile

One more thing:

Need help? Don't hesitate to reach out to us via GitHub issues or on Slack:

  https://community.getdbt.com/

Happy modeling!

[0m23:42:41.202248 [info ] [MainThread]: Setting up your profile.
[0m23:42:50.244847 [error] [MainThread]: Encountered an error:

[0m23:42:50.246484 [error] [MainThread]: Traceback (most recent call last):
  File "/media/junior/Tatooine/Junior/Coding/Projects/dbt-demo/venv/lib/python3.10/site-packages/dbt/cli/requires.py", line 87, in wrapper
    result, success = func(*args, **kwargs)
  File "/media/junior/Tatooine/Junior/Coding/Projects/dbt-demo/venv/lib/python3.10/site-packages/dbt/cli/requires.py", line 72, in wrapper
    return func(*args, **kwargs)
  File "/media/junior/Tatooine/Junior/Coding/Projects/dbt-demo/venv/lib/python3.10/site-packages/dbt/cli/main.py", line 469, in init
    results = task.run()
  File "/media/junior/Tatooine/Junior/Coding/Projects/dbt-demo/venv/lib/python3.10/site-packages/dbt/task/init.py", line 308, in run
    self.create_profile_from_target(adapter, profile_name=profile_name)
  File "/media/junior/Tatooine/Junior/Coding/Projects/dbt-demo/venv/lib/python3.10/site-packages/dbt/task/init.py", line 179, in create_profile_from_target
    self.create_profile_from_profile_template(profile_template, profile_name)
  File "/media/junior/Tatooine/Junior/Coding/Projects/dbt-demo/venv/lib/python3.10/site-packages/dbt/task/init.py", line 163, in create_profile_from_profile_template
    target = self.generate_target_from_input(prompts, initial_target)
  File "/media/junior/Tatooine/Junior/Coding/Projects/dbt-demo/venv/lib/python3.10/site-packages/dbt/task/init.py", line 129, in generate_target_from_input
    target[key] = click.prompt(
  File "/media/junior/Tatooine/Junior/Coding/Projects/dbt-demo/venv/lib/python3.10/site-packages/click/termui.py", line 164, in prompt
    value = prompt_func(prompt)
  File "/media/junior/Tatooine/Junior/Coding/Projects/dbt-demo/venv/lib/python3.10/site-packages/click/termui.py", line 147, in prompt_func
    raise Abort() from None
click.exceptions.Abort

[0m23:42:50.247212 [debug] [MainThread]: Command `dbt init` failed at 23:42:50.247106 after 16.28 seconds
[0m23:42:50.247612 [debug] [MainThread]: Sending event: {'category': 'dbt', 'action': 'invocation', 'label': 'end', 'context': [<snowplow_tracker.self_describing_json.SelfDescribingJson object at 0x7fdd2d420b50>, <snowplow_tracker.self_describing_json.SelfDescribingJson object at 0x7fdd2ca256c0>, <snowplow_tracker.self_describing_json.SelfDescribingJson object at 0x7fdd2a97c0a0>]}
[0m23:42:50.248074 [debug] [MainThread]: Flushing usage events
